<?xml version="1.0" encoding="UTF-8"?>
<!-- Generated by org.testng.reporters.JUnitReportReporter -->
<testsuite hostname="DESKTOP-O9M6KMN" failures="0" tests="7" name="cs.qa.te.tests.OceanFreightPageTest" time="52.447" errors="0" timestamp="21 Nov 2022 15:58:55 GMT" skipped="6">
  <testcase classname="cs.qa.te.tests.OceanFreightPageTest" name="MoveActiveFreightToOldFreght" time="52.447"/>
  <testcase classname="cs.qa.te.tests.OceanFreightPageTest" name="deletePortFromPortCostView">
    <skipped/>
  </testcase> <!-- deletePortFromPortCostView -->
  <testcase classname="cs.qa.te.tests.OceanFreightPageTest" name="createAddTenderOffer">
    <skipped/>
  </testcase> <!-- createAddTenderOffer -->
  <testcase classname="cs.qa.te.tests.OceanFreightPageTest" name="createActiveFreightByTenderOffer">
    <skipped/>
  </testcase> <!-- createActiveFreightByTenderOffer -->
  <testcase classname="cs.qa.te.tests.OceanFreightPageTest" name="createPortCost">
    <skipped/>
  </testcase> <!-- createPortCost -->
  <testcase classname="cs.qa.te.tests.OceanFreightPageTest" name="validatePortCostAndOceanFreightDataFromAddOffer">
    <skipped/>
  </testcase> <!-- validatePortCostAndOceanFreightDataFromAddOffer -->
  <testcase classname="cs.qa.te.tests.OceanFreightPageTest" name="createAddFreightOffer">
    <skipped/>
  </testcase> <!-- createAddFreightOffer -->
</testsuite> <!-- cs.qa.te.tests.OceanFreightPageTest -->
