<?xml version="1.0" encoding="UTF-8"?>
<!-- Generated by org.testng.reporters.JUnitReportReporter -->
<testsuite hostname="DESKTOP-O9M6KMN" failures="0" tests="4" name="cs.qa.te.tests.NetworkSupplierToForwarderPageTest" time="146.643" errors="0" timestamp="05 Aug 2022 08:29:35 GMT" skipped="3">
  <testcase classname="cs.qa.te.tests.NetworkSupplierToForwarderPageTest" name="validateSupplierNetworkForwarderNotesCertificate" time="146.643"/>
  <testcase classname="cs.qa.te.tests.NetworkSupplierToForwarderPageTest" name="validateSupplierNetworkForwarderInformation">
    <skipped/>
  </testcase> <!-- validateSupplierNetworkForwarderInformation -->
  <testcase classname="cs.qa.te.tests.NetworkSupplierToForwarderPageTest" name="validateSupplierNetworkForwarderStaff">
    <skipped/>
  </testcase> <!-- validateSupplierNetworkForwarderStaff -->
  <testcase classname="cs.qa.te.tests.NetworkSupplierToForwarderPageTest" name="validateSupplierNetworkForwarderProfile">
    <skipped/>
  </testcase> <!-- validateSupplierNetworkForwarderProfile -->
</testsuite> <!-- cs.qa.te.tests.NetworkSupplierToForwarderPageTest -->
