<?xml version="1.0" encoding="UTF-8"?>
<!-- Generated by org.testng.reporters.JUnitReportReporter -->
<testsuite hostname="DESKTOP-O9M6KMN" failures="0" tests="4" name="cs.qa.te.tests.NetworkImporterToSupplierPageTest" time="106.460" errors="0" timestamp="07 Sep 2022 09:57:48 GMT" skipped="3">
  <testcase classname="cs.qa.te.tests.NetworkImporterToSupplierPageTest" name="validateImporterNetworkSupplierStaff" time="106.460"/>
  <testcase classname="cs.qa.te.tests.NetworkImporterToSupplierPageTest" name="validateImporterNetworkSupplierInformation">
    <skipped/>
  </testcase> <!-- validateImporterNetworkSupplierInformation -->
  <testcase classname="cs.qa.te.tests.NetworkImporterToSupplierPageTest" name="validateImporterNetworkSupplierProfile">
    <skipped/>
  </testcase> <!-- validateImporterNetworkSupplierProfile -->
  <testcase classname="cs.qa.te.tests.NetworkImporterToSupplierPageTest" name="validateImporterNetworkSupplierNotesCertificate">
    <skipped/>
  </testcase> <!-- validateImporterNetworkSupplierNotesCertificate -->
</testsuite> <!-- cs.qa.te.tests.NetworkImporterToSupplierPageTest -->
