<?xml version="1.0" encoding="UTF-8"?>
<!-- Generated by org.testng.reporters.JUnitReportReporter -->
<testsuite hostname="DESKTOP-O9M6KMN" failures="0" tests="16" name="cs.qa.te.tests.SettingsPageTest" time="136.432" errors="0" timestamp="08 Sep 2022 13:00:59 GMT" skipped="15">
  <testcase classname="cs.qa.te.tests.SettingsPageTest" name="importerAssignStaffInManageCompanyShareDealDataForCountrySpecific" time="136.432"/>
  <testcase classname="cs.qa.te.tests.SettingsPageTest" name="importerUploadCompanyProfileCertificate">
    <skipped/>
  </testcase> <!-- importerUploadCompanyProfileCertificate -->
  <testcase classname="cs.qa.te.tests.SettingsPageTest" name="supplierEnterandEditCompanyLocation">
    <skipped/>
  </testcase> <!-- supplierEnterandEditCompanyLocation -->
  <testcase classname="cs.qa.te.tests.SettingsPageTest" name="importerEditCompanyProfile">
    <skipped/>
  </testcase> <!-- importerEditCompanyProfile -->
  <testcase classname="cs.qa.te.tests.SettingsPageTest" name="importerValidateEditCompanyProfileDataWithExcel">
    <skipped/>
  </testcase> <!-- importerValidateEditCompanyProfileDataWithExcel -->
  <testcase classname="cs.qa.te.tests.SettingsPageTest" name="supplierAssignStaffInManageCompanyShareDealDataForAlldeals">
    <skipped/>
  </testcase> <!-- supplierAssignStaffInManageCompanyShareDealDataForAlldeals -->
  <testcase classname="cs.qa.te.tests.SettingsPageTest" name="supplierUploadCompanyProfileCertificate">
    <skipped/>
  </testcase> <!-- supplierUploadCompanyProfileCertificate -->
  <testcase classname="cs.qa.te.tests.SettingsPageTest" name="supplierDeleteCompanyLocation">
    <skipped/>
  </testcase> <!-- supplierDeleteCompanyLocation -->
  <testcase classname="cs.qa.te.tests.SettingsPageTest" name="supplierEditCompanyProfile">
    <skipped/>
  </testcase> <!-- supplierEditCompanyProfile -->
  <testcase classname="cs.qa.te.tests.SettingsPageTest" name="forwardervalidateEditCompanyProfileDataWithExcel">
    <skipped/>
  </testcase> <!-- forwardervalidateEditCompanyProfileDataWithExcel -->
  <testcase classname="cs.qa.te.tests.SettingsPageTest" name="supplierValidateEditCompanyProfileDataWithExcel">
    <skipped/>
  </testcase> <!-- supplierValidateEditCompanyProfileDataWithExcel -->
  <testcase classname="cs.qa.te.tests.SettingsPageTest" name="supplierAssignStaffInManageCompanyShareDealDataForCountrySpecific">
    <skipped/>
  </testcase> <!-- supplierAssignStaffInManageCompanyShareDealDataForCountrySpecific -->
  <testcase classname="cs.qa.te.tests.SettingsPageTest" name="forwarderUploadCompanyProfileCertificate">
    <skipped/>
  </testcase> <!-- forwarderUploadCompanyProfileCertificate -->
  <testcase classname="cs.qa.te.tests.SettingsPageTest" name="supplierValidateCompanyLocation">
    <skipped/>
  </testcase> <!-- supplierValidateCompanyLocation -->
  <testcase classname="cs.qa.te.tests.SettingsPageTest" name="importerAssignStaffInManageCompanyShareDealDataForAlldeals">
    <skipped/>
  </testcase> <!-- importerAssignStaffInManageCompanyShareDealDataForAlldeals -->
  <testcase classname="cs.qa.te.tests.SettingsPageTest" name="forwarderEditCompanyProfile">
    <skipped/>
  </testcase> <!-- forwarderEditCompanyProfile -->
</testsuite> <!-- cs.qa.te.tests.SettingsPageTest -->
