<?xml version="1.0" encoding="UTF-8"?>
<!-- Generated by org.testng.reporters.JUnitReportReporter -->
<testsuite hostname="DESKTOP-O9M6KMN" failures="0" tests="4" name="cs.qa.te.localizationArabicTests.DemandPageArabicTest" time="58.608" errors="0" timestamp="24 Aug 2022 11:19:27 GMT" skipped="3">
  <testcase classname="cs.qa.te.localizationArabicTests.DemandPageArabicTest" name="validateArabicTranslationInOldDemandPage" time="58.608"/>
  <testcase classname="cs.qa.te.localizationArabicTests.DemandPageArabicTest" name="validateArabicTranslationInInsideTenderPage">
    <skipped/>
  </testcase> <!-- validateArabicTranslationInInsideTenderPage -->
  <testcase classname="cs.qa.te.localizationArabicTests.DemandPageArabicTest" name="validateArabicTranslationInDemandPage">
    <skipped/>
  </testcase> <!-- validateArabicTranslationInDemandPage -->
  <testcase classname="cs.qa.te.localizationArabicTests.DemandPageArabicTest" name="validateArabicTranslationInAddNewDemandPage">
    <skipped/>
  </testcase> <!-- validateArabicTranslationInAddNewDemandPage -->
</testsuite> <!-- cs.qa.te.localizationArabicTests.DemandPageArabicTest -->
