<?xml version="1.0" encoding="UTF-8"?>
<!-- Generated by org.testng.reporters.JUnitReportReporter -->
<testsuite hostname="DESKTOP-O9M6KMN" failures="0" tests="4" name="cs.qa.te.tests.NetworkForwarderToSupplierPageTest" time="92.811" errors="0" timestamp="08 Sep 2022 06:38:38 GMT" skipped="3">
  <testcase classname="cs.qa.te.tests.NetworkForwarderToSupplierPageTest" name="validateForwarderNetworkSupplierStaff" time="92.811"/>
  <testcase classname="cs.qa.te.tests.NetworkForwarderToSupplierPageTest" name="validateForwarderNetworkSupplierInformation">
    <skipped/>
  </testcase> <!-- validateForwarderNetworkSupplierInformation -->
  <testcase classname="cs.qa.te.tests.NetworkForwarderToSupplierPageTest" name="validateForwarderNetworkSupplierProfile">
    <skipped/>
  </testcase> <!-- validateForwarderNetworkSupplierProfile -->
  <testcase classname="cs.qa.te.tests.NetworkForwarderToSupplierPageTest" name="validateForwarderNetworkSupplierExportNotesCertificate">
    <skipped/>
  </testcase> <!-- validateForwarderNetworkSupplierExportNotesCertificate -->
</testsuite> <!-- cs.qa.te.tests.NetworkForwarderToSupplierPageTest -->
