<?xml version="1.0" encoding="UTF-8"?>
<!-- Generated by org.testng.reporters.JUnitReportReporter -->
<testsuite hostname="DESKTOP-O9M6KMN" failures="0" tests="4" name="cs.qa.te.tests.NetworkImporterToForwarderPageTest" time="139.809" errors="0" timestamp="06 Sep 2022 12:52:58 GMT" skipped="3">
  <testcase classname="cs.qa.te.tests.NetworkImporterToForwarderPageTest" name="validateImporterNetworkForwarderNotesCertificate" time="139.809"/>
  <testcase classname="cs.qa.te.tests.NetworkImporterToForwarderPageTest" name="validateImporterNetworkForwarderInformation">
    <skipped/>
  </testcase> <!-- validateImporterNetworkForwarderInformation -->
  <testcase classname="cs.qa.te.tests.NetworkImporterToForwarderPageTest" name="validateImporterNetworkForwarderProfile">
    <skipped/>
  </testcase> <!-- validateImporterNetworkForwarderProfile -->
  <testcase classname="cs.qa.te.tests.NetworkImporterToForwarderPageTest" name="validateImporterNetworkForwarderStaff">
    <skipped/>
  </testcase> <!-- validateImporterNetworkForwarderStaff -->
</testsuite> <!-- cs.qa.te.tests.NetworkImporterToForwarderPageTest -->
