<?xml version="1.0" encoding="UTF-8"?>
<!-- Generated by org.testng.reporters.JUnitReportReporter -->
<testsuite hostname="DESKTOP-O9M6KMN" failures="0" tests="17" name="cs.qa.te.tests.FreightManagerTest" time="107.126" errors="0" timestamp="11 Jan 2023 07:22:56 GMT" skipped="16">
  <testcase classname="cs.qa.te.tests.FreightManagerTest" name="translationFromForwarderProfileView" time="107.126"/>
  <testcase classname="cs.qa.te.tests.FreightManagerTest" name="validateImagesAndNotesFromSupplierProfileView">
    <skipped/>
  </testcase> <!-- validateImagesAndNotesFromSupplierProfileView -->
  <testcase classname="cs.qa.te.tests.FreightManagerTest" name="createFreightRequestFromupplier">
    <skipped/>
  </testcase> <!-- createFreightRequestFromupplier -->
  <testcase classname="cs.qa.te.tests.FreightManagerTest" name="createFreightPlanFromForwarderProfileView">
    <skipped/>
  </testcase> <!-- createFreightPlanFromForwarderProfileView -->
  <testcase classname="cs.qa.te.tests.FreightManagerTest" name="validatePartiesFromSupplierProfileView">
    <skipped/>
  </testcase> <!-- validatePartiesFromSupplierProfileView -->
  <testcase classname="cs.qa.te.tests.FreightManagerTest" name="validateLogFromForwarderProfileView">
    <skipped/>
  </testcase> <!-- validateLogFromForwarderProfileView -->
  <testcase classname="cs.qa.te.tests.FreightManagerTest" name="validatePartiesFromForwarderProfileView">
    <skipped/>
  </testcase> <!-- validatePartiesFromForwarderProfileView -->
  <testcase classname="cs.qa.te.tests.FreightManagerTest" name="validateCreatedFreightPlanFromSupplierProfileView">
    <skipped/>
  </testcase> <!-- validateCreatedFreightPlanFromSupplierProfileView -->
  <testcase classname="cs.qa.te.tests.FreightManagerTest" name="validateBookingFromForwarderProfileView">
    <skipped/>
  </testcase> <!-- validateBookingFromForwarderProfileView -->
  <testcase classname="cs.qa.te.tests.FreightManagerTest" name="validateDocumentsFromSupplierProfileView">
    <skipped/>
  </testcase> <!-- validateDocumentsFromSupplierProfileView -->
  <testcase classname="cs.qa.te.tests.FreightManagerTest" name="validateDocumentsFromForwarderProfileView">
    <skipped/>
  </testcase> <!-- validateDocumentsFromForwarderProfileView -->
  <testcase classname="cs.qa.te.tests.FreightManagerTest" name="validateBookingFromSupplierProfileView">
    <skipped/>
  </testcase> <!-- validateBookingFromSupplierProfileView -->
  <testcase classname="cs.qa.te.tests.FreightManagerTest" name="validateSendToForwarderDialogBoxAndFromForwarderListView">
    <skipped/>
  </testcase> <!-- validateSendToForwarderDialogBoxAndFromForwarderListView -->
  <testcase classname="cs.qa.te.tests.FreightManagerTest" name="validateSchduleFromSupplierProfileView">
    <skipped/>
  </testcase> <!-- validateSchduleFromSupplierProfileView -->
  <testcase classname="cs.qa.te.tests.FreightManagerTest" name="validateScheduleFromForwarderProfileView">
    <skipped/>
  </testcase> <!-- validateScheduleFromForwarderProfileView -->
  <testcase classname="cs.qa.te.tests.FreightManagerTest" name="validateImageAndDocumentFromForwarderProfileView">
    <skipped/>
  </testcase> <!-- validateImageAndDocumentFromForwarderProfileView -->
  <testcase classname="cs.qa.te.tests.FreightManagerTest" name="validateLogFromSupplierProfileView">
    <skipped/>
  </testcase> <!-- validateLogFromSupplierProfileView -->
</testsuite> <!-- cs.qa.te.tests.FreightManagerTest -->
