<?xml version="1.0" encoding="UTF-8"?>
<!-- Generated by org.testng.reporters.JUnitReportReporter -->
<testsuite hostname="DESKTOP-O9M6KMN" failures="0" tests="4" name="cs.qa.te.localizationArabicTests.SupplyPageArabicTest" time="63.283" errors="0" timestamp="26 Aug 2022 10:28:12 GMT" skipped="3">
  <testcase classname="cs.qa.te.localizationArabicTests.SupplyPageArabicTest" name="validateArabicTranslationInOldDemandPage" time="63.283"/>
  <testcase classname="cs.qa.te.localizationArabicTests.SupplyPageArabicTest" name="validateArabicTranslationSupplyViewPage">
    <skipped/>
  </testcase> <!-- validateArabicTranslationSupplyViewPage -->
  <testcase classname="cs.qa.te.localizationArabicTests.SupplyPageArabicTest" name="validateArabicTranslationAddSupplyPage">
    <skipped/>
  </testcase> <!-- validateArabicTranslationAddSupplyPage -->
  <testcase classname="cs.qa.te.localizationArabicTests.SupplyPageArabicTest" name="validateArabicTranslationReadyToBuyViewPage">
    <skipped/>
  </testcase> <!-- validateArabicTranslationReadyToBuyViewPage -->
</testsuite> <!-- cs.qa.te.localizationArabicTests.SupplyPageArabicTest -->
