<?xml version="1.0" encoding="UTF-8"?>
<!-- Generated by org.testng.reporters.JUnitReportReporter -->
<testsuite hostname="DESKTOP-O9M6KMN" failures="0" tests="1" name="cs.qa.te.tests.LoginPageTest" time="0.568" errors="0" timestamp="16 Jan 2023 17:36:07 GMT" skipped="0">
  <testcase classname="cs.qa.te.tests.LoginPageTest" name="changeLanguageTest" time="0.568"/>
</testsuite> <!-- cs.qa.te.tests.LoginPageTest -->
