<?xml version="1.0" encoding="UTF-8"?>
<!-- Generated by org.testng.reporters.JUnitReportReporter -->
<testsuite hostname="DESKTOP-O9M6KMN" failures="0" tests="24" name="cs.qa.te.tests.NegotiationsAddOfferPageTest" time="72.156" errors="0" timestamp="05 Dec 2022 09:23:59 GMT" skipped="23">
  <testcase classname="cs.qa.te.tests.NegotiationsAddOfferPageTest" name="supplierActiveDealsPackingListValidateTableQtyAndPercentage" time="72.156"/>
  <testcase classname="cs.qa.te.tests.NegotiationsAddOfferPageTest" name="supplierImporterForwarderNegotationsAddSchedule">
    <skipped/>
  </testcase> <!-- supplierImporterForwarderNegotationsAddSchedule -->
  <testcase classname="cs.qa.te.tests.NegotiationsAddOfferPageTest" name="supplierActiveDealsInstructionsProductDescription">
    <skipped/>
  </testcase> <!-- supplierActiveDealsInstructionsProductDescription -->
  <testcase classname="cs.qa.te.tests.NegotiationsAddOfferPageTest" name="importerConfirmAddofferFromNegotiaitons">
    <skipped/>
  </testcase> <!-- importerConfirmAddofferFromNegotiaitons -->
  <testcase classname="cs.qa.te.tests.NegotiationsAddOfferPageTest" name="validatePackingListDataWithForwarder">
    <skipped/>
  </testcase> <!-- validatePackingListDataWithForwarder -->
  <testcase classname="cs.qa.te.tests.NegotiationsAddOfferPageTest" name="supplierActiveDealsInstructionsEEUR1">
    <skipped/>
  </testcase> <!-- supplierActiveDealsInstructionsEEUR1 -->
  <testcase classname="cs.qa.te.tests.NegotiationsAddOfferPageTest" name="supplierActiveDealsInstructionsCADHandelsbankenBank">
    <skipped/>
  </testcase> <!-- supplierActiveDealsInstructionsCADHandelsbankenBank -->
  <testcase classname="cs.qa.te.tests.NegotiationsAddOfferPageTest" name="supplierImporterForwarderActiveDealsAddSchedule">
    <skipped/>
  </testcase> <!-- supplierImporterForwarderActiveDealsAddSchedule -->
  <testcase classname="cs.qa.te.tests.NegotiationsAddOfferPageTest" name="supplierActiveDealsPackingListDataValidate">
    <skipped/>
  </testcase> <!-- supplierActiveDealsPackingListDataValidate -->
  <testcase classname="cs.qa.te.tests.NegotiationsAddOfferPageTest" name="createAddOffer">
    <skipped/>
  </testcase> <!-- createAddOffer -->
  <testcase classname="cs.qa.te.tests.NegotiationsAddOfferPageTest" name="supplierActiveDealsInstructionsPhyto">
    <skipped/>
  </testcase> <!-- supplierActiveDealsInstructionsPhyto -->
  <testcase classname="cs.qa.te.tests.NegotiationsAddOfferPageTest" name="supplierActiveDealsAddDocDocuments">
    <skipped/>
  </testcase> <!-- supplierActiveDealsAddDocDocuments -->
  <testcase classname="cs.qa.te.tests.NegotiationsAddOfferPageTest" name="supplierActiveDealsInstructionsECO">
    <skipped/>
  </testcase> <!-- supplierActiveDealsInstructionsECO -->
  <testcase classname="cs.qa.te.tests.NegotiationsAddOfferPageTest" name="supplierActiveDealsInstructionsEUR1">
    <skipped/>
  </testcase> <!-- supplierActiveDealsInstructionsEUR1 -->
  <testcase classname="cs.qa.te.tests.NegotiationsAddOfferPageTest" name="supplierActiveDealsInstructionsCO">
    <skipped/>
  </testcase> <!-- supplierActiveDealsInstructionsCO -->
  <testcase classname="cs.qa.te.tests.NegotiationsAddOfferPageTest" name="supplierActiveDealsInstructionsBL">
    <skipped/>
  </testcase> <!-- supplierActiveDealsInstructionsBL -->
  <testcase classname="cs.qa.te.tests.NegotiationsAddOfferPageTest" name="supplierAddProductNegotiationsSpecification">
    <skipped/>
  </testcase> <!-- supplierAddProductNegotiationsSpecification -->
  <testcase classname="cs.qa.te.tests.NegotiationsAddOfferPageTest" name="supplierActiveDealsInstructionsPackListWeightDemo">
    <skipped/>
  </testcase> <!-- supplierActiveDealsInstructionsPackListWeightDemo -->
  <testcase classname="cs.qa.te.tests.NegotiationsAddOfferPageTest" name="supplierAddProductActiveDealsSpecification">
    <skipped/>
  </testcase> <!-- supplierAddProductActiveDealsSpecification -->
  <testcase classname="cs.qa.te.tests.NegotiationsAddOfferPageTest" name="supplierAddDocDocuments">
    <skipped/>
  </testcase> <!-- supplierAddDocDocuments -->
  <testcase classname="cs.qa.te.tests.NegotiationsAddOfferPageTest" name="supplierActiveDealsInstructionsSettings">
    <skipped/>
  </testcase> <!-- supplierActiveDealsInstructionsSettings -->
  <testcase classname="cs.qa.te.tests.NegotiationsAddOfferPageTest" name="validatePackingListDataWithImporter">
    <skipped/>
  </testcase> <!-- validatePackingListDataWithImporter -->
  <testcase classname="cs.qa.te.tests.NegotiationsAddOfferPageTest" name="supplierActiveDealsInstructionsCADNordeaBank">
    <skipped/>
  </testcase> <!-- supplierActiveDealsInstructionsCADNordeaBank -->
  <testcase classname="cs.qa.te.tests.NegotiationsAddOfferPageTest" name="supplierActiveDealsPackingListCalculationVolume">
    <skipped/>
  </testcase> <!-- supplierActiveDealsPackingListCalculationVolume -->
</testsuite> <!-- cs.qa.te.tests.NegotiationsAddOfferPageTest -->
