<?xml version="1.0" encoding="UTF-8"?>
<!-- Generated by org.testng.reporters.JUnitReportReporter -->
<testsuite hostname="DESKTOP-O9M6KMN" failures="0" tests="4" name="cs.qa.te.tests.NetworkSupplierToImporterPageTest" time="173.728" errors="0" timestamp="05 Aug 2022 10:34:54 GMT" skipped="3">
  <testcase classname="cs.qa.te.tests.NetworkSupplierToImporterPageTest" name="validateSupplierNetworkImporterExportNotesCertificate" time="173.728"/>
  <testcase classname="cs.qa.te.tests.NetworkSupplierToImporterPageTest" name="validateSupplierNetworkImporterInformation">
    <skipped/>
  </testcase> <!-- validateSupplierNetworkImporterInformation -->
  <testcase classname="cs.qa.te.tests.NetworkSupplierToImporterPageTest" name="validateSupplierNetworkImporterProfile">
    <skipped/>
  </testcase> <!-- validateSupplierNetworkImporterProfile -->
  <testcase classname="cs.qa.te.tests.NetworkSupplierToImporterPageTest" name="validateSupplierNetworkImporterStaff">
    <skipped/>
  </testcase> <!-- validateSupplierNetworkImporterStaff -->
</testsuite> <!-- cs.qa.te.tests.NetworkSupplierToImporterPageTest -->
