<?xml version="1.0" encoding="UTF-8"?>
<!-- Generated by org.testng.reporters.JUnitReportReporter -->
<testsuite hostname="DESKTOP-O9M6KMN" failures="0" tests="5" name="cs.qa.te.tests.DemandPageTest" time="80.575" errors="0" timestamp="23 Dec 2022 11:45:58 GMT" skipped="4">
  <testcase classname="cs.qa.te.tests.DemandPageTest" name="importerApproveAndProceed" time="80.575"/>
  <testcase classname="cs.qa.te.tests.DemandPageTest" name="createDemandOfferTest">
    <skipped/>
  </testcase> <!-- createDemandOfferTest -->
  <testcase classname="cs.qa.te.tests.DemandPageTest" name="importerGetSupplierDemandOfferAndRejectVolumeAndPrice">
    <skipped/>
  </testcase> <!-- importerGetSupplierDemandOfferAndRejectVolumeAndPrice -->
  <testcase classname="cs.qa.te.tests.DemandPageTest" name="supplierBidForDemandOffer">
    <skipped/>
  </testcase> <!-- supplierBidForDemandOffer -->
  <testcase classname="cs.qa.te.tests.DemandPageTest" name="supplierGetImporterCounterOfferAndAcceptVolumeAndPrice">
    <skipped/>
  </testcase> <!-- supplierGetImporterCounterOfferAndAcceptVolumeAndPrice -->
</testsuite> <!-- cs.qa.te.tests.DemandPageTest -->
