<?xml version="1.0" encoding="UTF-8"?>
<!-- Generated by org.testng.reporters.JUnitReportReporter -->
<testsuite hostname="Abhinandan-Banerjee" failures="0" tests="1" name="Testng.TestNGAnnotation" time="0.018" errors="0" timestamp="06 Jul 2021 12:13:53 GMT" skipped="0">
  <testcase classname="Testng.TestNGAnnotation" name="test" time="0.018"/>
</testsuite> <!-- Testng.TestNGAnnotation -->
