<?xml version="1.0" encoding="UTF-8"?>
<!-- Generated by org.testng.reporters.JUnitReportReporter -->
<testsuite hostname="Abhinandan-Banerjee" failures="0" tests="3" name="cs.qa.te.tests.LoginPageTest$Test1" time="15.878" errors="0" timestamp="16 Jul 2021 13:53:58 GMT" skipped="0">
  <testcase classname="cs.qa.te.tests.LoginPageTest$Test1" name="clickToLoginLink" time="2.745"/>
  <testcase classname="cs.qa.te.tests.LoginPageTest$Test1" name="changeLanguageTest" time="3.051"/>
  <testcase classname="cs.qa.te.tests.LoginPageTest$Test1" name="loginPageTitleTest" time="10.082"/>
</testsuite> <!-- cs.qa.te.tests.LoginPageTest$Test1 -->
